<?xml version="1.0" encoding="UTF-8"?>
<testsuite name="GeenTest" tests="1" skipped="0" failures="0" errors="0" timestamp="2022-05-09T10:02:20" hostname="A06-25" time="0.022">
  <properties/>
  <testcase name="testOnOlemasErinevNimetus()" classname="GeenTest" time="0.022"/>
  <system-out><![CDATA[]]></system-out>
  <system-err><![CDATA[]]></system-err>
</testsuite>
