<?xml version="1.0" encoding="UTF-8"?>
<testsuite name="KastTest" tests="3" skipped="0" failures="0" errors="0" timestamp="2022-05-02T12:08:14" hostname="A06-25" time="0.024">
  <properties/>
  <testcase name="testVillimine()" classname="KastTest" time="0.02"/>
  <testcase name="testKoguHind()" classname="KastTest" time="0.001"/>
  <testcase name="testKoguMass()" classname="KastTest" time="0.001"/>
  <system-out><![CDATA[]]></system-out>
  <system-err><![CDATA[]]></system-err>
</testsuite>
