<?xml version="1.0" encoding="UTF-8"?>
<testsuite name="JoogivaatTest" tests="1" skipped="0" failures="0" errors="0" timestamp="2022-05-02T10:46:23" hostname="A06-25" time="0.022">
  <properties/>
  <testcase name="testVillimine()" classname="JoogivaatTest" time="0.022"/>
  <system-out><![CDATA[]]></system-out>
  <system-err><![CDATA[]]></system-err>
</testsuite>
